#
# A fatal error has been detected by the Java Runtime Environment:
#
#  EXCEPTION_ACCESS_VIOLATION (0xc0000005) at pc=0x55f4e126, pid=3320, tid=0x000010b4
#
# JRE version: Java(TM) SE Runtime Environment (8.0_171-b11) (build 1.8.0_171-b11)
# Java VM: Java HotSpot(TM) Client VM (25.171-b11 mixed mode, sharing windows-x86 )
# Problematic frame:
# C  [lwjgl_opengl32.dll+0xe126]
#
# Failed to write core dump. Minidumps are not enabled by default on client versions of Windows
#
# If you would like to submit a bug report, please visit:
#   http://bugreport.java.com/bugreport/crash.jsp
# The crash happened outside the Java Virtual Machine in native code.
# See problematic frame for where to report the bug.
#

---------------  T H R E A D  ---------------

Current thread (0x02c25c00):  JavaThread "main" [_thread_in_native, id=4276, stack(0x01260000,0x012b0000)]

siginfo: ExceptionCode=0xc0000005, reading address 0x000001d8

Registers:
EAX=0x00000000, EBX=0x152f18a8, ECX=0x02c25d40, EDX=0x00000000
ESP=0x012afa6c, EBP=0x012afabc, ESI=0x152f18a0, EDI=0x02c25c00
EIP=0x55f4e126, EFLAGS=0x00010206

Top of Stack: (sp=0x012afa6c)
0x012afa6c:   012afabc 3e99999a 3e99999a 3f800000
0x012afa7c:   02e6daf1 02c25d40 012afac4 3e4ccccd
0x012afa8c:   3e99999a 3e99999a 3f800000 02e6d8c6
0x012afa9c:   012afa9c 152f18a0 012afad8 153115a8
0x012afaac:   00000000 152f18a8 00000000 012afacc
0x012afabc:   012afafc 02e64864 050d25f8 02e6a1c9
0x012afacc:   3f800000 3e99999a 3e99999a 3e4ccccd
0x012afadc:   012afadc 15230ae7 012afb04 15230cf0 

Instructions: (pc=0x55f4e126)
0x55f4e106:   0f 10 44 24 24 f3 0f 11 44 24 08 8b 40 0c f3 0f
0x55f4e116:   10 44 24 20 f3 0f 11 44 24 04 f3 0f 10 44 24 1c
0x55f4e126:   8b 80 d8 01 00 00 f3 0f 11 04 24 ff d0 c2 18 00
0x55f4e136:   cc cc cc cc cc cc cc cc cc cc 8b 44 24 04 83 ec 


Register to memory mapping:

EAX=0x00000000 is an unknown value
EBX={method} {0x152f18ac} 'glClearColor' '(FFFF)V' in 'org/lwjgl/opengl/GL11'
ECX=0x02c25d40 is an unknown value
EDX=0x00000000 is an unknown value
ESP=0x012afa6c is pointing into the stack for thread: 0x02c25c00
EBP=0x012afabc is pointing into the stack for thread: 0x02c25c00
ESI=0x152f18a0 is pointing into metadata
EDI=0x02c25c00 is a thread


Stack: [0x01260000,0x012b0000],  sp=0x012afa6c,  free space=318k
Native frames: (J=compiled Java code, j=interpreted, Vv=VM code, C=native code)
C  [lwjgl_opengl32.dll+0xe126]
j  Main.render()V+7
j  Main.gameLoop()V+92
j  Main.startGame()V+5
j  Main.main([Ljava/lang/String;)V+9
v  ~StubRoutines::call_stub
V  [jvm.dll+0x15b985]
V  [jvm.dll+0x22262e]
V  [jvm.dll+0x15ba1e]
V  [jvm.dll+0xdd3a7]
V  [jvm.dll+0xe593f]
C  [javaw.exe+0x233a]
C  [javaw.exe+0xb020]
C  [javaw.exe+0xb0aa]
C  [KERNEL32.DLL+0x18484]
C  [ntdll.dll+0x62ec0]
C  [ntdll.dll+0x62e90]
C  0x00000000

Java frames: (J=compiled Java code, j=interpreted, Vv=VM code)
j  org.lwjgl.opengl.GL11.glClearColor(FFFF)V+0
j  Main.render()V+7
j  Main.gameLoop()V+92
j  Main.startGame()V+5
j  Main.main([Ljava/lang/String;)V+9
v  ~StubRoutines::call_stub

---------------  P R O C E S S  ---------------

Java Threads: ( => current thread )
  0x02ce6c00 JavaThread "Service Thread" daemon [_thread_blocked, id=6132, stack(0x158e0000,0x15930000)]
  0x02cb9000 JavaThread "C1 CompilerThread0" daemon [_thread_blocked, id=8880, stack(0x15850000,0x158a0000)]
  0x02cb7c00 JavaThread "Attach Listener" daemon [_thread_blocked, id=8344, stack(0x157c0000,0x15810000)]
  0x02cb5c00 JavaThread "Signal Dispatcher" daemon [_thread_blocked, id=1512, stack(0x15730000,0x15780000)]
  0x02cacc00 JavaThread "Finalizer" daemon [_thread_blocked, id=7092, stack(0x15580000,0x155d0000)]
  0x02c4ec00 JavaThread "Reference Handler" daemon [_thread_blocked, id=4232, stack(0x154f0000,0x15540000)]
=>0x02c25c00 JavaThread "main" [_thread_in_native, id=4276, stack(0x01260000,0x012b0000)]

Other Threads:
  0x02c4ac00 VMThread [stack: 0x15460000,0x154b0000] [id=6788]
  0x02cf7400 WatcherThread [stack: 0x15970000,0x159c0000] [id=5840]

VM state:not at safepoint (normal execution)

VM Mutex/Monitor currently owned by a thread: None

Heap:
 def new generation   total 4928K, used 2110K [0x05000000, 0x05550000, 0x0a550000)
  eden space 4416K,  36% used [0x05000000, 0x0518fa30, 0x05450000)
  from space 512K, 100% used [0x05450000, 0x054d0000, 0x054d0000)
  to   space 512K,   0% used [0x054d0000, 0x054d0000, 0x05550000)
 tenured generation   total 10944K, used 1122K [0x0a550000, 0x0b000000, 0x15000000)
   the space 10944K,  10% used [0x0a550000, 0x0a668ac0, 0x0a668c00, 0x0b000000)
 Metaspace       used 1264K, capacity 3204K, committed 3264K, reserved 4480K

Card table byte_map: [0x04ee0000,0x04f70000] byte_map_base: 0x04eb8000

Polling page: 0x012c0000

CodeCache: size=32768Kb used=1073Kb max_used=1073Kb free=31694Kb
 bounds [0x02e60000, 0x02f70000, 0x04e60000]
 total_blobs=668 nmethods=208 adapters=391
 compilation: enabled

Compilation events (10 events):
Event: 1.190 Thread 0x02cb9000  204             java.util.jar.JarFile::getEntry (22 bytes)
Event: 1.190 Thread 0x02cb9000 nmethod 204 0x02f6af48 code [0x02f6b060, 0x02f6b188]
Event: 1.190 Thread 0x02cb9000  205   !         java.util.zip.ZipFile::getEntry (101 bytes)
Event: 1.190 Thread 0x02cb9000 nmethod 205 0x02f6b248 code [0x02f6b3a0, 0x02f6b748]
Event: 1.190 Thread 0x02cb9000  206   !         sun.misc.URLClassPath$JarLoader::ensureOpen (36 bytes)
Event: 1.190 Thread 0x02cb9000 nmethod 206 0x02f6b9c8 code [0x02f6bad0, 0x02f6bc1c]
Event: 1.190 Thread 0x02cb9000  207             java.util.BitSet::get (69 bytes)
Event: 1.191 Thread 0x02cb9000 nmethod 207 0x02f6bd08 code [0x02f6be50, 0x02f6c17c]
Event: 1.191 Thread 0x02cb9000  208             java.lang.invoke.MemberName::testAllFlags (7 bytes)
Event: 1.191 Thread 0x02cb9000 nmethod 208 0x02f6c408 code [0x02f6c500, 0x02f6c5a0]

GC Heap History (4 events):
Event: 0.228 GC heap before
{Heap before GC invocations=0 (full 0):
 def new generation   total 4928K, used 4416K [0x05000000, 0x05550000, 0x0a550000)
  eden space 4416K, 100% used [0x05000000, 0x05450000, 0x05450000)
  from space 512K,   0% used [0x05450000, 0x05450000, 0x054d0000)
  to   space 512K,   0% used [0x054d0000, 0x054d0000, 0x05550000)
 tenured generation   total 10944K, used 0K [0x0a550000, 0x0b000000, 0x15000000)
   the space 10944K,   0% used [0x0a550000, 0x0a550000, 0x0a550200, 0x0b000000)
 Metaspace       used 503K, capacity 2673K, committed 2752K, reserved 4480K
Event: 0.230 GC heap after
Heap after GC invocations=1 (full 0):
 def new generation   total 4928K, used 512K [0x05000000, 0x05550000, 0x0a550000)
  eden space 4416K,   0% used [0x05000000, 0x05000000, 0x05450000)
  from space 512K, 100% used [0x054d0000, 0x05550000, 0x05550000)
  to   space 512K,   0% used [0x05450000, 0x05450000, 0x054d0000)
 tenured generation   total 10944K, used 467K [0x0a550000, 0x0b000000, 0x15000000)
   the space 10944K,   4% used [0x0a550000, 0x0a5c4d68, 0x0a5c4e00, 0x0b000000)
 Metaspace       used 503K, capacity 2673K, committed 2752K, reserved 4480K
}
Event: 0.655 GC heap before
{Heap before GC invocations=1 (full 0):
 def new generation   total 4928K, used 4921K [0x05000000, 0x05550000, 0x0a550000)
  eden space 4416K,  99% used [0x05000000, 0x0544e570, 0x05450000)
  from space 512K, 100% used [0x054d0000, 0x05550000, 0x05550000)
  to   space 512K,   0% used [0x05450000, 0x05450000, 0x054d0000)
 tenured generation   total 10944K, used 467K [0x0a550000, 0x0b000000, 0x15000000)
   the space 10944K,   4% used [0x0a550000, 0x0a5c4d68, 0x0a5c4e00, 0x0b000000)
 Metaspace       used 764K, capacity 2711K, committed 2752K, reserved 4480K
Event: 0.657 GC heap after
Heap after GC invocations=2 (full 0):
 def new generation   total 4928K, used 512K [0x05000000, 0x05550000, 0x0a550000)
  eden space 4416K,   0% used [0x05000000, 0x05000000, 0x05450000)
  from space 512K, 100% used [0x05450000, 0x054d0000, 0x054d0000)
  to   space 512K,   0% used [0x054d0000, 0x054d0000, 0x05550000)
 tenured generation   total 10944K, used 1122K [0x0a550000, 0x0b000000, 0x15000000)
   the space 10944K,  10% used [0x0a550000, 0x0a668ac0, 0x0a668c00, 0x0b000000)
 Metaspace       used 764K, capacity 2711K, committed 2752K, reserved 4480K
}

Deoptimization events (0 events):
No events

Classes redefined (0 events):
No events

Internal exceptions (10 events):
Event: 0.617 Thread 0x02c25c00 Exception <a 'sun/nio/fs/WindowsException'> (0x05429d70) thrown at [C:\re\workspace\8-2-build-windows-i586-cygwin\jdk8u171\10807\hotspot\src\share\vm\prims\jni.cpp, line 709]
Event: 0.617 Thread 0x02c25c00 Exception <a 'sun/nio/fs/WindowsException'> (0x0542a300) thrown at [C:\re\workspace\8-2-build-windows-i586-cygwin\jdk8u171\10807\hotspot\src\share\vm\prims\jni.cpp, line 709]
Event: 0.617 Thread 0x02c25c00 Exception <a 'sun/nio/fs/WindowsException'> (0x0542af20) thrown at [C:\re\workspace\8-2-build-windows-i586-cygwin\jdk8u171\10807\hotspot\src\share\vm\prims\jni.cpp, line 709]
Event: 0.617 Thread 0x02c25c00 Exception <a 'sun/nio/fs/WindowsException'> (0x0542fb40) thrown at [C:\re\workspace\8-2-build-windows-i586-cygwin\jdk8u171\10807\hotspot\src\share\vm\prims\jni.cpp, line 709]
Event: 1.191 Thread 0x02c25c00 Exception <a 'sun/nio/fs/WindowsException'> (0x0513f0f8) thrown at [C:\re\workspace\8-2-build-windows-i586-cygwin\jdk8u171\10807\hotspot\src\share\vm\prims\jni.cpp, line 709]
Event: 1.191 Thread 0x02c25c00 Exception <a 'sun/nio/fs/WindowsException'> (0x0513f6d8) thrown at [C:\re\workspace\8-2-build-windows-i586-cygwin\jdk8u171\10807\hotspot\src\share\vm\prims\jni.cpp, line 709]
Event: 1.192 Thread 0x02c25c00 Exception <a 'sun/nio/fs/WindowsException'> (0x05140328) thrown at [C:\re\workspace\8-2-build-windows-i586-cygwin\jdk8u171\10807\hotspot\src\share\vm\prims\jni.cpp, line 709]
Event: 1.192 Thread 0x02c25c00 Exception <a 'sun/nio/fs/WindowsException'> (0x05145078) thrown at [C:\re\workspace\8-2-build-windows-i586-cygwin\jdk8u171\10807\hotspot\src\share\vm\prims\jni.cpp, line 709]
Event: 1.233 Thread 0x02c25c00 Exception <a 'sun/nio/fs/WindowsException'> (0x05169840) thrown at [C:\re\workspace\8-2-build-windows-i586-cygwin\jdk8u171\10807\hotspot\src\share\vm\prims\jni.cpp, line 709]
Event: 1.233 Thread 0x02c25c00 Exception <a 'sun/nio/fs/WindowsException'> (0x05169de8) thrown at [C:\re\workspace\8-2-build-windows-i586-cygwin\jdk8u171\10807\hotspot\src\share\vm\prims\jni.cpp, line 709]

Events (10 events):
Event: 1.190 loading class org/lwjgl/opengl/GL$ICDStatic
Event: 1.190 loading class org/lwjgl/opengl/GL$ICDStatic done
Event: 1.233 loading class org/lwjgl/opengl/GL$4
Event: 1.233 loading class org/lwjgl/opengl/GL$4 done
Event: 1.233 loading class org/lwjgl/opengl/GL$1
Event: 1.233 loading class org/lwjgl/opengl/GL$1 done
Event: 1.233 loading class org/lwjgl/opengl/GL$SharedLibraryGL
Event: 1.233 loading class org/lwjgl/opengl/GL$SharedLibraryGL done
Event: 1.234 loading class org/lwjgl/system/SharedLibrary$Delegate
Event: 1.234 loading class org/lwjgl/system/SharedLibrary$Delegate done


Dynamic libraries:
0x00b60000 - 0x00b93000 	C:\Program Files (x86)\Java\jdk1.8.0_171\bin\javaw.exe
0x76e80000 - 0x77010000 	C:\WINDOWS\SYSTEM32\ntdll.dll
0x75dd0000 - 0x75eb0000 	C:\WINDOWS\System32\KERNEL32.DLL
0x76680000 - 0x76863000 	C:\WINDOWS\System32\KERNELBASE.dll
0x762e0000 - 0x76358000 	C:\WINDOWS\System32\ADVAPI32.dll
0x74280000 - 0x7433f000 	C:\WINDOWS\System32\msvcrt.dll
0x764e0000 - 0x76524000 	C:\WINDOWS\System32\sechost.dll
0x76540000 - 0x76600000 	C:\WINDOWS\System32\RPCRT4.dll
0x73740000 - 0x73760000 	C:\WINDOWS\System32\SspiCli.dll
0x73730000 - 0x7373a000 	C:\WINDOWS\System32\CRYPTBASE.dll
0x73db0000 - 0x73e08000 	C:\WINDOWS\System32\bcryptPrimitives.dll
0x746e0000 - 0x7486d000 	C:\WINDOWS\System32\USER32.dll
0x76d70000 - 0x76d87000 	C:\WINDOWS\System32\win32u.dll
0x76650000 - 0x76672000 	C:\WINDOWS\System32\GDI32.dll
0x73fc0000 - 0x74124000 	C:\WINDOWS\System32\gdi32full.dll
0x76450000 - 0x764cd000 	C:\WINDOWS\System32\msvcp_win.dll
0x73ea0000 - 0x73fbe000 	C:\WINDOWS\System32\ucrtbase.dll
0x72c70000 - 0x72e74000 	C:\WINDOWS\WinSxS\x86_microsoft.windows.common-controls_6595b64144ccf1df_6.0.17134.81_none_fc5f60d55130f8a9\COMCTL32.dll
0x76970000 - 0x76bcc000 	C:\WINDOWS\System32\combase.dll
0x75d70000 - 0x75d96000 	C:\WINDOWS\System32\IMM32.DLL
0x55ff0000 - 0x560af000 	C:\Program Files (x86)\Java\jdk1.8.0_171\jre\bin\msvcr100.dll
0x72ee0000 - 0x732b1000 	C:\Program Files (x86)\Java\jdk1.8.0_171\jre\bin\client\jvm.dll
0x737d0000 - 0x737d6000 	C:\WINDOWS\System32\PSAPI.DLL
0x72ec0000 - 0x72ec8000 	C:\WINDOWS\SYSTEM32\VERSION.dll
0x6b3e0000 - 0x6b404000 	C:\WINDOWS\SYSTEM32\WINMM.dll
0x6a880000 - 0x6a888000 	C:\WINDOWS\SYSTEM32\WSOCK32.dll
0x73760000 - 0x737c7000 	C:\WINDOWS\System32\WS2_32.dll
0x6b3b0000 - 0x6b3d3000 	C:\WINDOWS\SYSTEM32\WINMMBASE.dll
0x768d0000 - 0x76909000 	C:\WINDOWS\System32\cfgmgr32.dll
0x73440000 - 0x7344c000 	C:\Program Files (x86)\Java\jdk1.8.0_171\jre\bin\verify.dll
0x73410000 - 0x73432000 	C:\Program Files (x86)\Java\jdk1.8.0_171\jre\bin\java.dll
0x733f0000 - 0x73404000 	C:\Program Files (x86)\Java\jdk1.8.0_171\jre\bin\zip.dll
0x749c0000 - 0x75d0a000 	C:\WINDOWS\System32\SHELL32.dll
0x74360000 - 0x743e9000 	C:\WINDOWS\System32\shcore.dll
0x737e0000 - 0x73d9a000 	C:\WINDOWS\System32\windows.storage.dll
0x76600000 - 0x76645000 	C:\WINDOWS\System32\shlwapi.dll
0x73da0000 - 0x73daf000 	C:\WINDOWS\System32\kernel.appcore.dll
0x75da0000 - 0x75db8000 	C:\WINDOWS\System32\profapi.dll
0x74230000 - 0x74275000 	C:\WINDOWS\System32\powrprof.dll
0x76530000 - 0x76538000 	C:\WINDOWS\System32\FLTLIB.DLL
0x733d0000 - 0x733e5000 	C:\Program Files (x86)\Java\jdk1.8.0_171\jre\bin\net.dll
0x6a820000 - 0x6a876000 	C:\WINDOWS\system32\mswsock.dll
0x733c0000 - 0x733cf000 	C:\Program Files (x86)\Java\jdk1.8.0_171\jre\bin\nio.dll
0x734f0000 - 0x73541000 	C:\Users\Luis\AppData\Local\Temp\lwjglLuis\3.1.6-build-14\lwjgl32.dll
0x55fa0000 - 0x55feb000 	C:\Users\Luis\AppData\Local\Temp\lwjglLuis\3.1.6-build-14\glfw32.dll
0x72be0000 - 0x72c5c000 	C:\WINDOWS\system32\uxtheme.dll
0x61080000 - 0x610b9000 	C:\WINDOWS\SYSTEM32\dinput8.dll
0x61070000 - 0x6107d000 	C:\WINDOWS\SYSTEM32\xinput1_4.dll
0x69010000 - 0x69032000 	C:\WINDOWS\SYSTEM32\DEVOBJ.dll
0x6c500000 - 0x6c523000 	C:\WINDOWS\SYSTEM32\dwmapi.dll
0x66770000 - 0x667ca000 	C:\WINDOWS\SYSTEM32\inputhost.dll
0x6a890000 - 0x6a966000 	C:\WINDOWS\SYSTEM32\wintypes.dll
0x6a970000 - 0x6a9fb000 	C:\WINDOWS\SYSTEM32\CoreMessaging.dll
0x6aa00000 - 0x6ac5d000 	C:\WINDOWS\SYSTEM32\CoreUIComponents.dll
0x720a0000 - 0x720c9000 	C:\WINDOWS\SYSTEM32\ntmarta.dll
0x74870000 - 0x749b4000 	C:\WINDOWS\System32\MSCTF.dll
0x76360000 - 0x763f6000 	C:\WINDOWS\System32\OLEAUT32.dll
0x6aec0000 - 0x6aeca000 	C:\WINDOWS\SYSTEM32\HID.DLL
0x75eb0000 - 0x762db000 	C:\WINDOWS\System32\SETUPAPI.DLL
0x76400000 - 0x76447000 	C:\WINDOWS\System32\WINTRUST.dll
0x744d0000 - 0x744de000 	C:\WINDOWS\System32\MSASN1.dll
0x76bd0000 - 0x76d66000 	C:\WINDOWS\System32\CRYPT32.dll
0x61100000 - 0x611d9000 	C:\WINDOWS\SYSTEM32\opengl32.dll
0x610c0000 - 0x610ff000 	C:\WINDOWS\SYSTEM32\GLU32.dll
0x53b60000 - 0x5577a000 	C:\WINDOWS\SYSTEM32\nvoglv32.DLL
0x74130000 - 0x7422c000 	C:\WINDOWS\System32\ole32.dll
0x72e80000 - 0x72e8f000 	C:\WINDOWS\SYSTEM32\WTSAPI32.dll
0x68a90000 - 0x68ad2000 	C:\WINDOWS\SYSTEM32\WINSTA.dll
0x6ac60000 - 0x6acde000 	C:\WINDOWS\System32\TextInputFramework.dll
0x55f40000 - 0x55f9b000 	C:\Users\Luis\AppData\Local\Temp\lwjglLuis\3.1.6-build-14\lwjgl_opengl32.dll
0x71f10000 - 0x72092000 	C:\WINDOWS\SYSTEM32\dbghelp.dll

VM Arguments:
jvm_args: -Dfile.encoding=Cp1252 
java_command: Main
java_class_path (initial): C:\Program Files (x86)\Java\jdk1.8.0_171\jre\lib\resources.jar;C:\Program Files (x86)\Java\jdk1.8.0_171\jre\lib\rt.jar;C:\Program Files (x86)\Java\jdk1.8.0_171\jre\lib\jsse.jar;C:\Program Files (x86)\Java\jdk1.8.0_171\jre\lib\jce.jar;C:\Program Files (x86)\Java\jdk1.8.0_171\jre\lib\charsets.jar;C:\Program Files (x86)\Java\jdk1.8.0_171\jre\lib\jfr.jar;C:\Program Files (x86)\Java\jdk1.8.0_171\jre\lib\ext\access-bridge-32.jar;C:\Program Files (x86)\Java\jdk1.8.0_171\jre\lib\ext\cldrdata.jar;C:\Program Files (x86)\Java\jdk1.8.0_171\jre\lib\ext\dnsns.jar;C:\Program Files (x86)\Java\jdk1.8.0_171\jre\lib\ext\jaccess.jar;C:\Program Files (x86)\Java\jdk1.8.0_171\jre\lib\ext\jfxrt.jar;C:\Program Files (x86)\Java\jdk1.8.0_171\jre\lib\ext\localedata.jar;C:\Program Files (x86)\Java\jdk1.8.0_171\jre\lib\ext\nashorn.jar;C:\Program Files (x86)\Java\jdk1.8.0_171\jre\lib\ext\sunec.jar;C:\Program Files (x86)\Java\jdk1.8.0_171\jre\lib\ext\sunjce_provider.jar;C:\Program Files (x86)\Java\jdk1.8.0_171\jre\lib\ext\sunmscapi.jar;C:\Program Files (x86)\Java\jdk1.8.0_171\jre\lib\ext\sunpkcs11.jar;C:\Program Files (x86)\Java\jdk1.8.0_171\jre\lib\ext\zipfs.jar;C:\Users\Luis\git\Datadrive\bin;C:\Users\Luis\Desktop\Workspace\Datadrive Pregame\library\joml-1.9.9.jar;C:\Users\Luis\Desktop\Workspace\Datadrive Pregame\library\joml-1.9.9-javadoc.jar;C:\Users\Luis\Desktop\Workspace\Datadrive Pregame\library\joml-1.9.9-sources.jar;C:\Users\Luis\Desktop\Workspace\Datadrive Pregame\library\lwjgl.jar;C:\Users\Luis\Desktop\Workspace\Datadrive Pregame\library\lwjgl-assimp.jar;C:\Users\Luis\Desktop\Workspace\Datadrive Pregame\library\lwjgl-assimp-javadoc.jar;C:\Users\Luis\Desktop\Workspace\Datadrive Pregame\library\lwjgl-assimp-natives-linux.jar;C:\Users\Luis\Desktop\Workspace\Datadrive Pregame\library\lwjgl-assimp-natives-macos.jar;C:\Users\Luis\Desktop\Workspace\Datadrive Pregame\library\lwjgl-assimp-natives-windows.jar;C:\Users\Luis\Desktop\Workspace\Datadrive Pregame\library\l
Launcher Type: SUN_STANDARD

Environment Variables:
PATH=C:/Program Files (x86)/Java/jdk1.8.0_171/bin/../jre/bin/client;C:/Program Files (x86)/Java/jdk1.8.0_171/bin/../jre/bin;C:/Program Files (x86)/Java/jdk1.8.0_171/bin/../jre/lib/i386;C:\Program Files (x86)\Common Files\Oracle\Java\javapath;C:\ProgramData\Oracle\Java\javapath;C:\Program Files (x86)\Intel\iCLS Client\;C:\Program Files\Intel\iCLS Client\;C:\WINDOWS\system32;C:\WINDOWS;C:\WINDOWS\System32\Wbem;C:\WINDOWS\System32\WindowsPowerShell\v1.0\;C:\Program Files (x86)\Intel\Intel(R) Management Engine Components\DAL;C:\Program Files\Intel\Intel(R) Management Engine Components\DAL;C:\Program Files (x86)\Intel\Intel(R) Management Engine Components\IPT;C:\Program Files\Intel\Intel(R) Management Engine Components\IPT;C:\Program Files (x86)\GtkSharp\2.12\bin;D:\Brackets\command;C:\WINDOWS\System32\OpenSSH\;C:\Users\Luis\AppData\Local\Microsoft\WindowsApps;;C:\Users\Luis\Desktop;
USERNAME=Luis
OS=Windows_NT
PROCESSOR_IDENTIFIER=Intel64 Family 6 Model 158 Stepping 11, GenuineIntel



---------------  S Y S T E M  ---------------

OS: Windows 10.0 , 64 bit Build 17134 (10.0.17134.1)

CPU:total 4 (initial active 4) (4 cores per cpu, 1 threads per core) family 6 model 158 stepping 11, cmov, cx8, fxsr, mmx, sse, sse2, sse3, ssse3, sse4.1, sse4.2, popcnt, avx, avx2, aes, clmul, erms, 3dnowpref, lzcnt, tsc, tscinvbit, bmi1, bmi2, adx

Memory: 4k page, physical 8348432k(4651952k free), swap 10314512k(4921652k free)

vm_info: Java HotSpot(TM) Client VM (25.171-b11) for windows-x86 JRE (1.8.0_171-b11), built on Mar 28 2018 14:51:22 by "java_re" with MS VC++ 10.0 (VS2010)

time: Sat Jun 02 20:37:39 2018
elapsed time: 1 seconds (0d 0h 0m 1s)

